<?xml version="1.0" encoding="UTF-8"?>
<testsuite xmlns:xsi="http://www.w3.org/2001/XMLSchema-instance" xsi:noNamespaceSchemaLocation="https://maven.apache.org/surefire/maven-surefire-plugin/xsd/surefire-test-report.xsd" version="3.0.2" name="com.baarsch_bytes.end2end.Step1_StudentCRUDTest" time="45.316" tests="16" errors="0" skipped="0" failures="0">
  <properties>
[...]
</properties>
  <testcase name="testAddStudent" classname="com.baarsch_bytes.end2end.Step1_StudentCRUDTest" time="2.377">
    <system-err><![CDATA[Apr 12, 2026 10:13:50 PM org.openqa.selenium.devtools.CdpVersionFinder findNearestMatch
WARNING: Unable to find an exact match for CDP version 146, returning the closest version; found: 145; Please update to a Selenium version that supports CDP version 146
]]></system-err>
  </testcase>
  <testcase name="testAddStudentMissingGPA" classname="com.baarsch_bytes.end2end.Step1_StudentCRUDTest" time="2.279">
    <system-err><![CDATA[Apr 12, 2026 10:13:53 PM org.openqa.selenium.devtools.CdpVersionFinder findNearestMatch
WARNING: Unable to find an exact match for CDP version 146, returning the closest version; found: 145; Please update to a Selenium version that supports CDP version 146
]]></system-err>
  </testcase>
  <testcase name="testAddStudentNameLowerBoundary" classname="com.baarsch_bytes.end2end.Step1_StudentCRUDTest" time="2.235">
    <system-err><![CDATA[Apr 12, 2026 10:13:55 PM org.openqa.selenium.devtools.CdpVersionFinder findNearestMatch
WARNING: Unable to find an exact match for CDP version 146, returning the closest version; found: 145; Please update to a Selenium version that supports CDP version 146
]]></system-err>
  </testcase>
  <testcase name="testAddStudentNameUpperBoundary" classname="com.baarsch_bytes.end2end.Step1_StudentCRUDTest" time="2.721">
    <system-err><![CDATA[Apr 12, 2026 10:13:57 PM org.openqa.selenium.devtools.CdpVersionFinder findNearestMatch
WARNING: Unable to find an exact match for CDP version 146, returning the closest version; found: 145; Please update to a Selenium version that supports CDP version 146
]]></system-err>
  </testcase>
  <testcase name="testAddStudentMajorLowerBoundary" classname="com.baarsch_bytes.end2end.Step1_StudentCRUDTest" time="2.247">
    <system-err><![CDATA[Apr 12, 2026 10:14:00 PM org.openqa.selenium.devtools.CdpVersionFinder findNearestMatch
WARNING: Unable to find an exact match for CDP version 146, returning the closest version; found: 145; Please update to a Selenium version that supports CDP version 146
]]></system-err>
  </testcase>
  <testcase name="testAddStudentMajorUpperBoundary" classname="com.baarsch_bytes.end2end.Step1_StudentCRUDTest" time="2.769">
    <system-err><![CDATA[Apr 12, 2026 10:14:02 PM org.openqa.selenium.devtools.CdpVersionFinder findNearestMatch
WARNING: Unable to find an exact match for CDP version 146, returning the closest version; found: 145; Please update to a Selenium version that supports CDP version 146
]]></system-err>
  </testcase>
  <testcase name="testAddStudentGPAUpperBoundary" classname="com.baarsch_bytes.end2end.Step1_StudentCRUDTest" time="2.326">
    <system-err><![CDATA[Apr 12, 2026 10:14:05 PM org.openqa.selenium.devtools.CdpVersionFinder findNearestMatch
WARNING: Unable to find an exact match for CDP version 146, returning the closest version; found: 145; Please update to a Selenium version that supports CDP version 146
]]></system-err>
  </testcase>
  <testcase name="testAddStudentGPALowerBoundary" classname="com.baarsch_bytes.end2end.Step1_StudentCRUDTest" time="2.349">
    <system-err><![CDATA[Apr 12, 2026 10:14:07 PM org.openqa.selenium.devtools.CdpVersionFinder findNearestMatch
WARNING: Unable to find an exact match for CDP version 146, returning the closest version; found: 145; Please update to a Selenium version that supports CDP version 146
]]></system-err>
  </testcase>
  <testcase name="testAddStudentMissingName" classname="com.baarsch_bytes.end2end.Step1_StudentCRUDTest" time="2.233">
    <system-err><![CDATA[Apr 12, 2026 10:14:10 PM org.openqa.selenium.devtools.CdpVersionFinder findNearestMatch
WARNING: Unable to find an exact match for CDP version 146, returning the closest version; found: 145; Please update to a Selenium version that supports CDP version 146
]]></system-err>
  </testcase>
  <testcase name="testAddStudentMissingMajor" classname="com.baarsch_bytes.end2end.Step1_StudentCRUDTest" time="3.991">
    <system-err><![CDATA[Apr 12, 2026 10:14:12 PM org.openqa.selenium.devtools.CdpVersionFinder findNearestMatch
WARNING: Unable to find an exact match for CDP version 146, returning the closest version; found: 145; Please update to a Selenium version that supports CDP version 146
]]></system-err>
  </testcase>
  <testcase name="testAddStudentNameAboveBoundary" classname="com.baarsch_bytes.end2end.Step1_StudentCRUDTest" time="3.235">
    <system-err><![CDATA[Apr 12, 2026 10:14:16 PM org.openqa.selenium.devtools.CdpVersionFinder findNearestMatch
WARNING: Unable to find an exact match for CDP version 146, returning the closest version; found: 145; Please update to a Selenium version that supports CDP version 146
]]></system-err>
  </testcase>
  <testcase name="testAddStudentMajorAboveBoundary" classname="com.baarsch_bytes.end2end.Step1_StudentCRUDTest" time="3.669">
    <system-err><![CDATA[Apr 12, 2026 10:14:19 PM org.openqa.selenium.devtools.CdpVersionFinder findNearestMatch
WARNING: Unable to find an exact match for CDP version 146, returning the closest version; found: 145; Please update to a Selenium version that supports CDP version 146
]]></system-err>
  </testcase>
  <testcase name="testAddStudentGPAAboveMax" classname="com.baarsch_bytes.end2end.Step1_StudentCRUDTest" time="3.907">
    <system-err><![CDATA[Apr 12, 2026 10:14:23 PM org.openqa.selenium.devtools.CdpVersionFinder findNearestMatch
WARNING: Unable to find an exact match for CDP version 146, returning the closest version; found: 145; Please update to a Selenium version that supports CDP version 146
]]></system-err>
  </testcase>
  <testcase name="testAddStudentGPABelowMin" classname="com.baarsch_bytes.end2end.Step1_StudentCRUDTest" time="3.128">
    <system-err><![CDATA[Apr 12, 2026 10:14:27 PM org.openqa.selenium.devtools.CdpVersionFinder findNearestMatch
WARNING: Unable to find an exact match for CDP version 146, returning the closest version; found: 145; Please update to a Selenium version that supports CDP version 146
]]></system-err>
  </testcase>
  <testcase name="testEditStudent" classname="com.baarsch_bytes.end2end.Step1_StudentCRUDTest" time="3.236">
    <system-err><![CDATA[Apr 12, 2026 10:14:30 PM org.openqa.selenium.devtools.CdpVersionFinder findNearestMatch
WARNING: Unable to find an exact match for CDP version 146, returning the closest version; found: 145; Please update to a Selenium version that supports CDP version 146
]]></system-err>
  </testcase>
  <testcase name="testDeleteStudent" classname="com.baarsch_bytes.end2end.Step1_StudentCRUDTest" time="2.602">
    <system-err><![CDATA[Apr 12, 2026 10:14:33 PM org.openqa.selenium.devtools.CdpVersionFinder findNearestMatch
WARNING: Unable to find an exact match for CDP version 146, returning the closest version; found: 145; Please update to a Selenium version that supports CDP version 146
]]></system-err>
  </testcase>
</testsuite>