<?xml version="1.0" encoding="UTF-8"?>
<testsuite xmlns:xsi="http://www.w3.org/2001/XMLSchema-instance" xsi:noNamespaceSchemaLocation="https://maven.apache.org/surefire/maven-surefire-plugin/xsd/surefire-test-report.xsd" version="3.0.2" name="com.baarsch_bytes.end2end.Step2_CourseCRUDTest" time="50.549" tests="11" errors="0" skipped="0" failures="0">
  <properties>
[...]
</properties>
  <testcase name="testAddCourse" classname="com.baarsch_bytes.end2end.Step2_CourseCRUDTest" time="3.335">
    <system-err><![CDATA[Apr 13, 2026 12:40:00 AM org.openqa.selenium.devtools.CdpVersionFinder findNearestMatch
WARNING: Unable to find an exact match for CDP version 146, returning the closest version; found: 145; Please update to a Selenium version that supports CDP version 146
]]></system-err>
  </testcase>
  <testcase name="testAddCourseUpperNameBoundary" classname="com.baarsch_bytes.end2end.Step2_CourseCRUDTest" time="6.644">
    <system-err><![CDATA[Apr 13, 2026 12:40:03 AM org.openqa.selenium.devtools.CdpVersionFinder findNearestMatch
WARNING: Unable to find an exact match for CDP version 146, returning the closest version; found: 145; Please update to a Selenium version that supports CDP version 146
]]></system-err>
  </testcase>
  <testcase name="testAddCourseUpperRoomBoundary" classname="com.baarsch_bytes.end2end.Step2_CourseCRUDTest" time="7.183">
    <system-err><![CDATA[Apr 13, 2026 12:40:10 AM org.openqa.selenium.devtools.CdpVersionFinder findNearestMatch
WARNING: Unable to find an exact match for CDP version 146, returning the closest version; found: 145; Please update to a Selenium version that supports CDP version 146
]]></system-err>
  </testcase>
  <testcase name="testAddCourseSizeBoundary" classname="com.baarsch_bytes.end2end.Step2_CourseCRUDTest" time="5.373">
    <system-err><![CDATA[Apr 13, 2026 12:40:17 AM org.openqa.selenium.devtools.CdpVersionFinder findNearestMatch
WARNING: Unable to find an exact match for CDP version 146, returning the closest version; found: 145; Please update to a Selenium version that supports CDP version 146
]]></system-err>
  </testcase>
  <testcase name="testAddCourseMissingName" classname="com.baarsch_bytes.end2end.Step2_CourseCRUDTest" time="3.545">
    <system-err><![CDATA[Apr 13, 2026 12:40:23 AM org.openqa.selenium.devtools.CdpVersionFinder findNearestMatch
WARNING: Unable to find an exact match for CDP version 146, returning the closest version; found: 145; Please update to a Selenium version that supports CDP version 146
]]></system-err>
  </testcase>
  <testcase name="testAddCourseMissingRoom" classname="com.baarsch_bytes.end2end.Step2_CourseCRUDTest" time="3.958">
    <system-err><![CDATA[Apr 13, 2026 12:40:26 AM org.openqa.selenium.devtools.CdpVersionFinder findNearestMatch
WARNING: Unable to find an exact match for CDP version 146, returning the closest version; found: 145; Please update to a Selenium version that supports CDP version 146
]]></system-err>
  </testcase>
  <testcase name="testAddCourseSizeBelowBoundary" classname="com.baarsch_bytes.end2end.Step2_CourseCRUDTest" time="3.609">
    <system-err><![CDATA[Apr 13, 2026 12:40:30 AM org.openqa.selenium.devtools.CdpVersionFinder findNearestMatch
WARNING: Unable to find an exact match for CDP version 146, returning the closest version; found: 145; Please update to a Selenium version that supports CDP version 146
]]></system-err>
  </testcase>
  <testcase name="testEditCourse" classname="com.baarsch_bytes.end2end.Step2_CourseCRUDTest" time="3.442">
    <system-err><![CDATA[Apr 13, 2026 12:40:34 AM org.openqa.selenium.devtools.CdpVersionFinder findNearestMatch
WARNING: Unable to find an exact match for CDP version 146, returning the closest version; found: 145; Please update to a Selenium version that supports CDP version 146
]]></system-err>
  </testcase>
  <testcase name="testDeleteCourse" classname="com.baarsch_bytes.end2end.Step2_CourseCRUDTest" time="1.974">
    <system-err><![CDATA[Apr 13, 2026 12:40:37 AM org.openqa.selenium.devtools.CdpVersionFinder findNearestMatch
WARNING: Unable to find an exact match for CDP version 146, returning the closest version; found: 145; Please update to a Selenium version that supports CDP version 146
]]></system-err>
  </testcase>
  <testcase name="testAddStudentToCourse" classname="com.baarsch_bytes.end2end.Step2_CourseCRUDTest" time="6.003">
    <system-err><![CDATA[Apr 13, 2026 12:40:39 AM org.openqa.selenium.devtools.CdpVersionFinder findNearestMatch
WARNING: Unable to find an exact match for CDP version 146, returning the closest version; found: 145; Please update to a Selenium version that supports CDP version 146
]]></system-err>
  </testcase>
  <testcase name="testRemoveStudentFromCourse" classname="com.baarsch_bytes.end2end.Step2_CourseCRUDTest" time="2.778">
    <system-err><![CDATA[Apr 13, 2026 12:40:45 AM org.openqa.selenium.devtools.CdpVersionFinder findNearestMatch
WARNING: Unable to find an exact match for CDP version 146, returning the closest version; found: 145; Please update to a Selenium version that supports CDP version 146
]]></system-err>
  </testcase>
</testsuite>