<?xml version="1.0" encoding="UTF-8"?>
<testsuite xmlns:xsi="http://www.w3.org/2001/XMLSchema-instance" xsi:noNamespaceSchemaLocation="https://maven.apache.org/surefire/maven-surefire-plugin/xsd/surefire-test-report.xsd" version="3.0.2" name="com.baarsch_bytes.end2end.Step2_CourseCRUDTest" time="39.828" tests="11" errors="0" skipped="0" failures="0">
  <properties>
[...]
</properties>
  <testcase name="testAddCourse" classname="com.baarsch_bytes.end2end.Step2_CourseCRUDTest" time="3.647">
    <system-err><![CDATA[Apr 12, 2026 10:14:36 PM org.openqa.selenium.devtools.CdpVersionFinder findNearestMatch
WARNING: Unable to find an exact match for CDP version 146, returning the closest version; found: 145; Please update to a Selenium version that supports CDP version 146
]]></system-err>
  </testcase>
  <testcase name="testAddCourseUpperNameBoundary" classname="com.baarsch_bytes.end2end.Step2_CourseCRUDTest" time="4.037">
    <system-err><![CDATA[Apr 12, 2026 10:14:39 PM org.openqa.selenium.devtools.CdpVersionFinder findNearestMatch
WARNING: Unable to find an exact match for CDP version 146, returning the closest version; found: 145; Please update to a Selenium version that supports CDP version 146
]]></system-err>
  </testcase>
  <testcase name="testAddCourseUpperRoomBoundary" classname="com.baarsch_bytes.end2end.Step2_CourseCRUDTest" time="3.324">
    <system-err><![CDATA[Apr 12, 2026 10:14:43 PM org.openqa.selenium.devtools.CdpVersionFinder findNearestMatch
WARNING: Unable to find an exact match for CDP version 146, returning the closest version; found: 145; Please update to a Selenium version that supports CDP version 146
]]></system-err>
  </testcase>
  <testcase name="testAddCourseSizeBoundary" classname="com.baarsch_bytes.end2end.Step2_CourseCRUDTest" time="3.033">
    <system-err><![CDATA[Apr 12, 2026 10:14:47 PM org.openqa.selenium.devtools.CdpVersionFinder findNearestMatch
WARNING: Unable to find an exact match for CDP version 146, returning the closest version; found: 145; Please update to a Selenium version that supports CDP version 146
]]></system-err>
  </testcase>
  <testcase name="testAddCourseMissingName" classname="com.baarsch_bytes.end2end.Step2_CourseCRUDTest" time="3.226">
    <system-err><![CDATA[Apr 12, 2026 10:14:50 PM org.openqa.selenium.devtools.CdpVersionFinder findNearestMatch
WARNING: Unable to find an exact match for CDP version 146, returning the closest version; found: 145; Please update to a Selenium version that supports CDP version 146
]]></system-err>
  </testcase>
  <testcase name="testAddCourseMissingRoom" classname="com.baarsch_bytes.end2end.Step2_CourseCRUDTest" time="3.596">
    <system-err><![CDATA[Apr 12, 2026 10:14:53 PM org.openqa.selenium.devtools.CdpVersionFinder findNearestMatch
WARNING: Unable to find an exact match for CDP version 146, returning the closest version; found: 145; Please update to a Selenium version that supports CDP version 146
]]></system-err>
  </testcase>
  <testcase name="testAddCourseSizeBelowBoundary" classname="com.baarsch_bytes.end2end.Step2_CourseCRUDTest" time="3.791">
    <system-err><![CDATA[Apr 12, 2026 10:14:57 PM org.openqa.selenium.devtools.CdpVersionFinder findNearestMatch
WARNING: Unable to find an exact match for CDP version 146, returning the closest version; found: 145; Please update to a Selenium version that supports CDP version 146
]]></system-err>
  </testcase>
  <testcase name="testEditCourse" classname="com.baarsch_bytes.end2end.Step2_CourseCRUDTest" time="2.926">
    <system-err><![CDATA[Apr 12, 2026 10:15:00 PM org.openqa.selenium.devtools.CdpVersionFinder findNearestMatch
WARNING: Unable to find an exact match for CDP version 146, returning the closest version; found: 145; Please update to a Selenium version that supports CDP version 146
]]></system-err>
  </testcase>
  <testcase name="testDeleteCourse" classname="com.baarsch_bytes.end2end.Step2_CourseCRUDTest" time="2.436">
    <system-err><![CDATA[Apr 12, 2026 10:15:03 PM org.openqa.selenium.devtools.CdpVersionFinder findNearestMatch
WARNING: Unable to find an exact match for CDP version 146, returning the closest version; found: 145; Please update to a Selenium version that supports CDP version 146
]]></system-err>
  </testcase>
  <testcase name="testAddStudentToCourse" classname="com.baarsch_bytes.end2end.Step2_CourseCRUDTest" time="6.563">
    <system-err><![CDATA[Apr 12, 2026 10:15:06 PM org.openqa.selenium.devtools.CdpVersionFinder findNearestMatch
WARNING: Unable to find an exact match for CDP version 146, returning the closest version; found: 145; Please update to a Selenium version that supports CDP version 146
]]></system-err>
  </testcase>
  <testcase name="testRemoveStudentFromCourse" classname="com.baarsch_bytes.end2end.Step2_CourseCRUDTest" time="3.24">
    <system-err><![CDATA[Apr 12, 2026 10:15:12 PM org.openqa.selenium.devtools.CdpVersionFinder findNearestMatch
WARNING: Unable to find an exact match for CDP version 146, returning the closest version; found: 145; Please update to a Selenium version that supports CDP version 146
]]></system-err>
  </testcase>
</testsuite>